<?xml version="1.0" encoding="UTF-8"?>
<!-- Generated by org.testng.reporters.JUnitReportReporter -->
<testsuite skipped="0" hostname="DESKTOP-5JIOCAM" name="runner.RunTest" tests="1" failures="0" timestamp="05 Apr 2019 09:19:26 GMT" time="22.830" errors="0">
  <testcase name="runScenario" time="22.830" classname="runner.RunTest"/>
</testsuite> <!-- runner.RunTest -->
